<?xml version="1.0" encoding="UTF-8"?>
<testsuite xmlns:xsi="http://www.w3.org/2001/XMLSchema-instance" xsi:noNamespaceSchemaLocation="https://maven.apache.org/surefire/maven-surefire-plugin/xsd/surefire-test-report.xsd" name="com.engage.so.UserResourceTest" time="7.794" tests="11" errors="0" skipped="0" failures="0">
  <properties>
[...]
</properties>
  <testcase name="ItShouldReturnAddAttr" classname="com.engage.so.UserResourceTest" time="2.184"/>
  <testcase name="ItShouldThrowIfNoValidId" classname="com.engage.so.UserResourceTest" time="0.002"/>
  <testcase name="ItShouldConvertToCustomer" classname="com.engage.so.UserResourceTest" time="0.715"/>
  <testcase name="ItShouldAddRemoveFromAccount" classname="com.engage.so.UserResourceTest" time="1.369"/>
  <testcase name="ItShouldChangeAccountRole" classname="com.engage.so.UserResourceTest" time="1.394"/>
  <testcase name="ItShouldConvertToAccount" classname="com.engage.so.UserResourceTest" time="0.512"/>
  <testcase name="ItShouldThrowIfNoData" classname="com.engage.so.UserResourceTest" time="0.001"/>
  <testcase name="ItShouldReturnError" classname="com.engage.so.UserResourceTest" time="0.399"/>
  <testcase name="ItShouldReturnFormatedUserJson" classname="com.engage.so.UserResourceTest" time="0.601"/>
  <testcase name="ItShouldReturnOk" classname="com.engage.so.UserResourceTest" time="0.599"/>
  <testcase name="ItShouldThrowIfNoValidEmail" classname="com.engage.so.UserResourceTest" time="0.001"/>
</testsuite>